<?xml version="1.0" encoding="UTF-8"?>
<testng-results skipped="0" failed="0" ignored="0" total="1" passed="1">
  <reporter-output>
  </reporter-output>
  <suite name="Surefire suite" duration-ms="12224" started-at="2021-10-11T19:55:00 IST" finished-at="2021-10-11T19:55:13 IST">
    <groups>
    </groups>
    <test name="Surefire test" duration-ms="12224" started-at="2021-10-11T19:55:00 IST" finished-at="2021-10-11T19:55:13 IST">
      <class name="ppack.LoginTest">
        <test-method status="PASS" signature="login()[pri:0, instance:ppack.LoginTest@527740a2]" name="login" duration-ms="12018" started-at="2021-10-11T19:55:01 IST" finished-at="2021-10-11T19:55:13 IST">
          <reporter-output>
          </reporter-output>
        </test-method> <!-- login -->
        <test-method status="PASS" signature="closure()[pri:0, instance:ppack.LoginTest@527740a2]" name="closure" is-config="true" duration-ms="159" started-at="2021-10-11T19:55:13 IST" finished-at="2021-10-11T19:55:13 IST">
          <reporter-output>
          </reporter-output>
        </test-method> <!-- closure -->
      </class> <!-- ppack.LoginTest -->
    </test> <!-- Surefire test -->
  </suite> <!-- Surefire suite -->
</testng-results>
