<?xml version="1.0" encoding="UTF-8"?>
<testng-results skipped="0" failed="0" ignored="0" total="1" passed="1">
  <reporter-output>
  </reporter-output>
  <suite name="Default suite" duration-ms="11695" started-at="2021-10-11T20:44:07 IST" finished-at="2021-10-11T20:44:19 IST">
    <groups>
    </groups>
    <test name="Default test" duration-ms="11695" started-at="2021-10-11T20:44:07 IST" finished-at="2021-10-11T20:44:19 IST">
      <class name="ppack.LoginTest">
        <test-method status="PASS" signature="configuration()[pri:0, instance:ppack.LoginTest@2353b3e6]" name="configuration" is-config="true" duration-ms="241" started-at="2021-10-11T20:44:07 IST" finished-at="2021-10-11T20:44:07 IST">
          <reporter-output>
          </reporter-output>
        </test-method> <!-- configuration -->
        <test-method status="PASS" signature="login()[pri:0, instance:ppack.LoginTest@2353b3e6]" name="login" duration-ms="10903" started-at="2021-10-11T20:44:07 IST" finished-at="2021-10-11T20:44:18 IST">
          <reporter-output>
          </reporter-output>
        </test-method> <!-- login -->
        <test-method status="PASS" signature="closure()[pri:0, instance:ppack.LoginTest@2353b3e6]" name="closure" is-config="true" duration-ms="504" started-at="2021-10-11T20:44:18 IST" finished-at="2021-10-11T20:44:19 IST">
          <reporter-output>
          </reporter-output>
        </test-method> <!-- closure -->
      </class> <!-- ppack.LoginTest -->
    </test> <!-- Default test -->
  </suite> <!-- Default suite -->
</testng-results>
